<?xml version="1.0" encoding="UTF-8"?>
<!-- Generated by org.testng.reporters.JUnitXMLReporter -->
<testsuite hostname="DESKTOP-NFSQ4FH" ignored="0" name="Test" tests="1" failures="1" timestamp="2021-01-16T22:44:55 IST" time="16.533" errors="0">
  <testcase name="searchIpad" time="10.306" classname="Runner.Runner">
    <failure type="java.lang.NoClassDefFoundError" message="org/openqa/selenium/internal/Require">
      <![CDATA[java.lang.NoClassDefFoundError: org/openqa/selenium/internal/Require
at org.openqa.selenium.support.ui.FluentWait.<init>(FluentWait.java:100)
at org.openqa.selenium.support.ui.WebDriverWait.<init>(WebDriverWait.java:128)
at org.openqa.selenium.support.ui.WebDriverWait.<init>(WebDriverWait.java:61)
at Runner.Library.waitElement(Library.java:215)
at Runner.BusinessFunctions.searchProduct(BusinessFunctions.java:26)
at Runner.Runner.searchIpad(Runner.java:14)
at java.util.ArrayList.forEach(Unknown Source)
Caused by: java.lang.ClassNotFoundException: org.openqa.selenium.internal.Require
at java.net.URLClassLoader.findClass(Unknown Source)
at java.lang.ClassLoader.loadClass(Unknown Source)
at sun.misc.Launcher$AppClassLoader.loadClass(Unknown Source)
at java.lang.ClassLoader.loadClass(Unknown Source)
... 34 more
... Removed 27 stack frames]]>
    </failure>
  </testcase> <!-- searchIpad -->
</testsuite> <!-- Test -->
